# JRE version: OpenJDK Runtime Environment (8.0_252-b02) (build 1.8.0_252-release-1649-b2)
# Java VM: OpenJDK 64-Bit Server VM (25.252-b2 mixed mode windows-amd64 compressed oops)
Heap:
 PSYoungGen      total 126464K, used 70909K [0x00000000f5580000, 0x0000000100000000, 0x0000000100000000)
  eden space 114176K, 62% used [0x00000000f5580000,0x00000000f9abf718,0x00000000fc500000)
  from space 12288K, 0% used [0x00000000fc500000,0x00000000fc500000,0x00000000fd100000)
  to   space 11776K, 0% used [0x00000000ff480000,0x00000000ff480000,0x0000000100000000)
 ParOldGen       total 175104K, used 15329K [0x00000000e0000000, 0x00000000eab00000, 0x00000000f5580000)
  object space 175104K, 8% used [0x00000000e0000000,0x00000000e0ef8750,0x00000000eab00000)
 Metaspace       used 37596K, capacity 39134K, committed 39464K, reserved 1085440K
  class space    used 5199K, capacity 5582K, committed 5680K, reserved 1048576K
GC Heap History (10 events):
Event: 3.098 GC heap before
{Heap before GC invocations=5 (full 1):
 PSYoungGen      total 76288K, used 7381K [0x00000000f5580000, 0x00000000fea80000, 0x0000000100000000)
  eden space 65536K, 0% used [0x00000000f5580000,0x00000000f5580000,0x00000000f9580000)
  from space 10752K, 68% used [0x00000000fa000000,0x00000000fa735440,0x00000000faa80000)
  to   space 10752K, 0% used [0x00000000f9580000,0x00000000f9580000,0x00000000fa000000)
 ParOldGen       total 175104K, used 1304K [0x00000000e0000000, 0x00000000eab00000, 0x00000000f5580000)
  object space 175104K, 0% used [0x00000000e0000000,0x00000000e0146238,0x00000000eab00000)
 Metaspace       used 20565K, capacity 21206K, committed 21296K, reserved 1067008K
  class space    used 2879K, capacity 3085K, committed 3120K, reserved 1048576K
Event: 3.128 GC heap after
Heap after GC invocations=5 (full 1):
 PSYoungGen      total 76288K, used 0K [0x00000000f5580000, 0x00000000fea80000, 0x0000000100000000)
  eden space 65536K, 0% used [0x00000000f5580000,0x00000000f5580000,0x00000000f9580000)
  from space 10752K, 0% used [0x00000000fa000000,0x00000000fa000000,0x00000000faa80000)
  to   space 10752K, 0% used [0x00000000f9580000,0x00000000f9580000,0x00000000fa000000)
 ParOldGen       total 175104K, used 7198K [0x00000000e0000000, 0x00000000eab00000, 0x00000000f5580000)
  object space 175104K, 4% used [0x00000000e0000000,0x00000000e0707b10,0x00000000eab00000)
 Metaspace       used 20565K, capacity 21206K, committed 21296K, reserved 1067008K
  class space    used 2879K, capacity 3085K, committed 3120K, reserved 1048576K
}
Event: 3.694 GC heap before
{Heap before GC invocations=6 (full 1):
 PSYoungGen      total 76288K, used 65536K [0x00000000f5580000, 0x00000000fea80000, 0x0000000100000000)
  eden space 65536K, 100% used [0x00000000f5580000,0x00000000f9580000,0x00000000f9580000)
  from space 10752K, 0% used [0x00000000fa000000,0x00000000fa000000,0x00000000faa80000)
  to   space 10752K, 0% used [0x00000000f9580000,0x00000000f9580000,0x00000000fa000000)
 ParOldGen       total 175104K, used 7198K [0x00000000e0000000, 0x00000000eab00000, 0x00000000f5580000)
  object space 175104K, 4% used [0x00000000e0000000,0x00000000e0707b10,0x00000000eab00000)
 Metaspace       used 28887K, capacity 29618K, committed 29744K, reserved 1075200K
  class space    used 3888K, capacity 4098K, committed 4144K, reserved 1048576K
Event: 3.700 GC heap after
Heap after GC invocations=6 (full 1):
 PSYoungGen      total 76288K, used 8310K [0x00000000f5580000, 0x00000000fe080000, 0x0000000100000000)
  eden space 65536K, 0% used [0x00000000f5580000,0x00000000f5580000,0x00000000f9580000)
  from space 10752K, 77% used [0x00000000f9580000,0x00000000f9d9d9f8,0x00000000fa000000)
  to   space 12800K, 0% used [0x00000000fd400000,0x00000000fd400000,0x00000000fe080000)
 ParOldGen       total 175104K, used 7206K [0x00000000e0000000, 0x00000000eab00000, 0x00000000f5580000)
  object space 175104K, 4% used [0x00000000e0000000,0x00000000e0709b10,0x00000000eab00000)
 Metaspace       used 28887K, capacity 29618K, committed 29744K, reserved 1075200K
  class space    used 3888K, capacity 4098K, committed 4144K, reserved 1048576K
}
Event: 4.185 GC heap before
{Heap before GC invocations=7 (full 1):
 PSYoungGen      total 76288K, used 73846K [0x00000000f5580000, 0x00000000fe080000, 0x0000000100000000)
  eden space 65536K, 100% used [0x00000000f5580000,0x00000000f9580000,0x00000000f9580000)
  from space 10752K, 77% used [0x00000000f9580000,0x00000000f9d9d9f8,0x00000000fa000000)
  to   space 12800K, 0% used [0x00000000fd400000,0x00000000fd400000,0x00000000fe080000)
 ParOldGen       total 175104K, used 7206K [0x00000000e0000000, 0x00000000eab00000, 0x00000000f5580000)
  object space 175104K, 4% used [0x00000000e0000000,0x00000000e0709b10,0x00000000eab00000)
 Metaspace       used 32331K, capacity 33356K, committed 33712K, reserved 1079296K
  class space    used 4405K, capacity 4681K, committed 4784K, reserved 1048576K
Event: 4.191 GC heap after
Heap after GC invocations=7 (full 1):
 PSYoungGen      total 123392K, used 9023K [0x00000000f5580000, 0x00000000fdd00000, 0x0000000100000000)
  eden space 114176K, 0% used [0x00000000f5580000,0x00000000f5580000,0x00000000fc500000)
  from space 9216K, 97% used [0x00000000fd400000,0x00000000fdccfd28,0x00000000fdd00000)
  to   space 12288K, 0% used [0x00000000fc500000,0x00000000fc500000,0x00000000fd100000)
 ParOldGen       total 175104K, used 7214K [0x00000000e0000000, 0x00000000eab00000, 0x00000000f5580000)
  object space 175104K, 4% used [0x00000000e0000000,0x00000000e070bb10,0x00000000eab00000)
 Metaspace       used 32331K, capacity 33356K, committed 33712K, reserved 1079296K
  class space    used 4405K, capacity 4681K, committed 4784K, reserved 1048576K
}
Event: 4.413 GC heap before
{Heap before GC invocations=8 (full 1):
 PSYoungGen      total 123392K, used 47642K [0x00000000f5580000, 0x00000000fdd00000, 0x0000000100000000)
  eden space 114176K, 33% used [0x00000000f5580000,0x00000000f7b36ca0,0x00000000fc500000)
  from space 9216K, 97% used [0x00000000fd400000,0x00000000fdccfd28,0x00000000fdd00000)
  to   space 12288K, 0% used [0x00000000fc500000,0x00000000fc500000,0x00000000fd100000)
 ParOldGen       total 175104K, used 7214K [0x00000000e0000000, 0x00000000eab00000, 0x00000000f5580000)
  object space 175104K, 4% used [0x00000000e0000000,0x00000000e070bb10,0x00000000eab00000)
 Metaspace       used 34373K, capacity 35428K, committed 35496K, reserved 1079296K
  class space    used 4705K, capacity 4993K, committed 5040K, reserved 1048576K
Event: 4.418 GC heap after
Heap after GC invocations=8 (full 1):
 PSYoungGen      total 126464K, used 8730K [0x00000000f5580000, 0x0000000100000000, 0x0000000100000000)
  eden space 114176K, 0% used [0x00000000f5580000,0x00000000f5580000,0x00000000fc500000)
  from space 12288K, 71% used [0x00000000fc500000,0x00000000fcd86bf0,0x00000000fd100000)
  to   space 11776K, 0% used [0x00000000ff480000,0x00000000ff480000,0x0000000100000000)
 ParOldGen       total 175104K, used 7222K [0x00000000e0000000, 0x00000000eab00000, 0x00000000f5580000)
  object space 175104K, 4% used [0x00000000e0000000,0x00000000e070db10,0x00000000eab00000)
 Metaspace       used 34373K, capacity 35428K, committed 35496K, reserved 1079296K
  class space    used 4705K, capacity 4993K, committed 5040K, reserved 1048576K
}
Event: 4.418 GC heap before
{Heap before GC invocations=9 (full 2):
 PSYoungGen      total 126464K, used 8730K [0x00000000f5580000, 0x0000000100000000, 0x0000000100000000)
  eden space 114176K, 0% used [0x00000000f5580000,0x00000000f5580000,0x00000000fc500000)
  from space 12288K, 71% used [0x00000000fc500000,0x00000000fcd86bf0,0x00000000fd100000)
  to   space 11776K, 0% used [0x00000000ff480000,0x00000000ff480000,0x0000000100000000)
 ParOldGen       total 175104K, used 7222K [0x00000000e0000000, 0x00000000eab00000, 0x00000000f5580000)
  object space 175104K, 4% used [0x00000000e0000000,0x00000000e070db10,0x00000000eab00000)
 Metaspace       used 34373K, capacity 35428K, committed 35496K, reserved 1079296K
  class space    used 4705K, capacity 4993K, committed 5040K, reserved 1048576K
Event: 4.456 GC heap after
Heap after GC invocations=9 (full 2):
 PSYoungGen      total 126464K, used 0K [0x00000000f5580000, 0x0000000100000000, 0x0000000100000000)
  eden space 114176K, 0% used [0x00000000f5580000,0x00000000f5580000,0x00000000fc500000)
  from space 12288K, 0% used [0x00000000fc500000,0x00000000fc500000,0x00000000fd100000)
  to   space 11776K, 0% used [0x00000000ff480000,0x00000000ff480000,0x0000000100000000)
 ParOldGen       total 175104K, used 15329K [0x00000000e0000000, 0x00000000eab00000, 0x00000000f5580000)
  object space 175104K, 8% used [0x00000000e0000000,0x00000000e0ef8750,0x00000000eab00000)
 Metaspace       used 34373K, capacity 35428K, committed 35496K, reserved 1079296K
  class space    used 4705K, capacity 4993K, committed 5040K, reserved 1048576K
}

